src/app/admin/templates/page.tsx(14,35): error TS2307: Cannot find module 'lucide-react' or its corresponding type declarations.
src/app/dashboard/sequence/page.tsx(18,49): error TS2307: Cannot find module 'lucide-react' or its corresponding type declarations.
src/components/admin/templates/IndustryList.tsx(15,51): error TS2307: Cannot find module 'lucide-react' or its corresponding type declarations.
src/components/admin/templates/ModularTemplateEditor.tsx(13,55): error TS2307: Cannot find module 'lucide-react' or its corresponding type declarations.
src/components/admin/templates/TemplateEditor.tsx(15,49): error TS2307: Cannot find module 'lucide-react' or its corresponding type declarations.
src/components/admin/templates/editor-tabs/AIAgentsTab.tsx(14,21): error TS2307: Cannot find module 'lucide-react' or its corresponding type declarations.
src/components/admin/templates/editor-tabs/IntelligenceSignalsTab.tsx(18,45): error TS2307: Cannot find module 'lucide-react' or its corresponding type declarations.
src/components/admin/templates/editor-tabs/ScraperCRMTab.tsx(16,30): error TS2307: Cannot find module 'lucide-react' or its corresponding type declarations.
src/components/admin/templates/modular-sections/AddSectionDialog.tsx(18,22): error TS2307: Cannot find module 'lucide-react' or its corresponding type declarations.
src/components/admin/templates/modular-sections/BasicInfoSection.tsx(9,39): error TS2307: Cannot find module 'lucide-react' or its corresponding type declarations.
src/components/admin/templates/modular-sections/CRMFieldsSection.tsx(9,40): error TS2307: Cannot find module 'lucide-react' or its corresponding type declarations.
src/components/admin/templates/modular-sections/CognitiveLogicSection.tsx(8,31): error TS2307: Cannot find module 'lucide-react' or its corresponding type declarations.
src/components/admin/templates/modular-sections/CoreIdentitySection.tsx(8,29): error TS2307: Cannot find module 'lucide-react' or its corresponding type declarations.
src/components/admin/templates/modular-sections/FluffPatternsSection.tsx(8,38): error TS2307: Cannot find module 'lucide-react' or its corresponding type declarations.
src/components/admin/templates/modular-sections/HighValueSignalsSection.tsx(9,55): error TS2307: Cannot find module 'lucide-react' or its corresponding type declarations.
src/components/admin/templates/modular-sections/KnowledgeRAGSection.tsx(8,34): error TS2307: Cannot find module 'lucide-react' or its corresponding type declarations.
src/components/admin/templates/modular-sections/LearningLoopsSection.tsx(7,35): error TS2307: Cannot find module 'lucide-react' or its corresponding type declarations.
src/components/admin/templates/modular-sections/ScoringRulesSection.tsx(9,42): error TS2307: Cannot find module 'lucide-react' or its corresponding type declarations.
src/components/admin/templates/modular-sections/ScraperSection.tsx(9,44): error TS2307: Cannot find module 'lucide-react' or its corresponding type declarations.
src/components/admin/templates/modular-sections/TableOfContents.tsx(12,29): error TS2307: Cannot find module 'lucide-react' or its corresponding type declarations.
src/components/admin/templates/modular-sections/TacticalExecutionSection.tsx(9,32): error TS2307: Cannot find module 'lucide-react' or its corresponding type declarations.
src/components/sequence/SequenceOptimizationCard.tsx(13,76): error TS2307: Cannot find module 'lucide-react' or its corresponding type declarations.
src/components/sequence/SequenceOverviewCard.tsx(13,73): error TS2307: Cannot find module 'lucide-react' or its corresponding type declarations.
src/components/sequence/SequencePatternsCard.tsx(13,65): error TS2307: Cannot find module 'lucide-react' or its corresponding type declarations.
src/components/sequence/SequencePerformanceCard.tsx(14,68): error TS2307: Cannot find module 'lucide-react' or its corresponding type declarations.
src/components/ui/dialog.tsx(3,19): error TS2307: Cannot find module 'lucide-react' or its corresponding type declarations.
src/components/ui/select.tsx(3,29): error TS2307: Cannot find module 'lucide-react' or its corresponding type declarations.
src/lib/agent/parsers/pdf-parser.ts(14,23): error TS2339: Property 'default' does not exist on type 'typeof import("/root/worktree-1/node_modules/pdf-parse/dist/pdf-parse/esm/index")'.
src/lib/ai/learning/continuous-learning-engine.ts(158,7): error TS2322: Type 'DocumentData[]' is not assignable to type 'TrainingExample[]'.
  Type 'DocumentData' is missing the following properties from type 'TrainingExample': id, organizationId, messages, confidence, and 4 more.
src/lib/ai/learning/continuous-learning-engine.ts(164,7): error TS2322: Type 'DocumentData[]' is not assignable to type 'TrainingExample[]'.
  Type 'DocumentData' is missing the following properties from type 'TrainingExample': id, organizationId, messages, confidence, and 4 more.
src/lib/db/admin-firestore-service.ts(22,22): error TS18047: 'adminDb' is possibly 'null'.
src/lib/db/admin-firestore-service.ts(47,44): error TS18047: 'adminDb' is possibly 'null'.
src/lib/db/admin-firestore-service.ts(119,44): error TS18047: 'adminDb' is possibly 'null'.
src/lib/db/admin-firestore-service.ts(205,22): error TS18047: 'adminDb' is possibly 'null'.
src/lib/db/admin-firestore-service.ts(223,28): error TS18047: 'adminDb' is possibly 'null'.
src/lib/db/admin-firestore-service.ts(240,22): error TS18047: 'adminDb' is possibly 'null'.
src/lib/db/admin-firestore-service.ts(253,22): error TS18047: 'adminDb' is possibly 'null'.
src/lib/db/admin-firestore-service.ts(265,12): error TS18047: 'adminDb' is possibly 'null'.
src/lib/db/admin-firestore-service.ts(274,12): error TS18047: 'adminDb' is possibly 'null'.
src/lib/db/admin-firestore-service.ts(281,12): error TS18047: 'adminDb' is possibly 'null'.
src/lib/db/admin-firestore-service.ts(288,12): error TS18047: 'adminDb' is possibly 'null'.
src/lib/documents/proposal-generator.ts(115,68): error TS2345: Argument of type 'unknown' is not assignable to parameter of type 'LogContext | undefined'.
src/lib/ecommerce/shipping-service.ts(83,26): error TS7006: Parameter 'method' implicitly has an 'any' type.
src/lib/email-writer/email-delivery-service.ts(350,25): error TS18047: 'adminDb' is possibly 'null'.
src/lib/email-writer/email-delivery-service.ts(371,25): error TS18047: 'adminDb' is possibly 'null'.
src/lib/email-writer/email-delivery-service.ts(408,25): error TS18047: 'adminDb' is possibly 'null'.
src/lib/email-writer/email-delivery-service.ts(429,25): error TS18047: 'adminDb' is possibly 'null'.
src/lib/email-writer/email-delivery-service.ts(450,25): error TS18047: 'adminDb' is possibly 'null'.
src/lib/email-writer/email-delivery-service.ts(470,25): error TS18047: 'adminDb' is possibly 'null'.
src/lib/email-writer/email-delivery-service.ts(500,15): error TS18047: 'adminDb' is possibly 'null'.
src/lib/email-writer/email-writer-engine.ts(202,7): error TS2322: Type 'SalesIndustryTemplate | null' is not assignable to type 'SalesIndustryTemplate | undefined'.
  Type 'null' is not assignable to type 'SalesIndustryTemplate | undefined'.
src/lib/filters/filter-engine.ts(101,60): error TS2769: No overload matches this call.
  Overload 1 of 4, '(value: string | number | Date): Date', gave the following error.
    Argument of type 'unknown' is not assignable to parameter of type 'string | number | Date'.
  Overload 2 of 4, '(value: string | number): Date', gave the following error.
    Argument of type 'unknown' is not assignable to parameter of type 'string | number'.
src/lib/filters/filter-engine.ts(104,46): error TS2769: No overload matches this call.
  Overload 1 of 4, '(value: string | number | Date): Date', gave the following error.
    Argument of type 'unknown' is not assignable to parameter of type 'string | number | Date'.
  Overload 2 of 4, '(value: string | number): Date', gave the following error.
    Argument of type 'unknown' is not assignable to parameter of type 'string | number'.
src/lib/filters/filter-engine.ts(107,46): error TS2769: No overload matches this call.
  Overload 1 of 4, '(value: string | number | Date): Date', gave the following error.
    Argument of type 'unknown' is not assignable to parameter of type 'string | number | Date'.
  Overload 2 of 4, '(value: string | number): Date', gave the following error.
    Argument of type 'unknown' is not assignable to parameter of type 'string | number'.
src/lib/filters/filter-engine.ts(110,47): error TS2769: No overload matches this call.
  Overload 1 of 4, '(value: string | number | Date): Date', gave the following error.
    Argument of type 'unknown' is not assignable to parameter of type 'string | number | Date'.
  Overload 2 of 4, '(value: string | number): Date', gave the following error.
    Argument of type 'unknown' is not assignable to parameter of type 'string | number'.
src/lib/filters/filter-engine.ts(113,47): error TS2769: No overload matches this call.
  Overload 1 of 4, '(value: string | number | Date): Date', gave the following error.
    Argument of type 'unknown' is not assignable to parameter of type 'string | number | Date'.
  Overload 2 of 4, '(value: string | number): Date', gave the following error.
    Argument of type 'unknown' is not assignable to parameter of type 'string | number'.
src/lib/integrations/accounting/quickbooks.ts(38,41): error TS2345: Argument of type '{}' is not assignable to parameter of type 'string'.
src/lib/integrations/accounting/quickbooks.ts(50,42): error TS2345: Argument of type '{}' is not assignable to parameter of type 'string'.
src/lib/integrations/accounting/quickbooks.ts(59,41): error TS2345: Argument of type '{}' is not assignable to parameter of type 'string'.
src/lib/integrations/accounting/quickbooks.ts(63,40): error TS2345: Argument of type '{}' is not assignable to parameter of type 'string'.
src/lib/integrations/accounting/xero.ts(38,41): error TS2345: Argument of type '{}' is not assignable to parameter of type 'string'.
src/lib/integrations/accounting/xero.ts(50,41): error TS2345: Argument of type '{}' is not assignable to parameter of type 'string'.
src/lib/integrations/accounting/xero.ts(58,40): error TS2345: Argument of type '{}' is not assignable to parameter of type 'string'.
src/lib/integrations/accounting/xero.ts(62,40): error TS2345: Argument of type '{}' is not assignable to parameter of type 'string'.
src/lib/integrations/calendar-sync-service.ts(177,13): error TS7022: 'response' implicitly has type 'any' because it does not have a type annotation and is referenced directly or indirectly in its own initializer.
src/lib/integrations/calendar-sync-service.ts(236,5): error TS2322: Type 'string | null | undefined' is not assignable to type 'string | undefined'.
  Type 'null' is not assignable to type 'string | undefined'.
src/lib/integrations/calendar-sync-service.ts(237,5): error TS2322: Type 'string | null | undefined' is not assignable to type 'string | undefined'.
  Type 'null' is not assignable to type 'string | undefined'.
src/lib/integrations/calendar-sync-service.ts(239,7): error TS2322: Type 'string | null | undefined' is not assignable to type 'string | undefined'.
  Type 'null' is not assignable to type 'string | undefined'.
src/lib/integrations/calendar-sync-service.ts(240,7): error TS2322: Type 'string | null | undefined' is not assignable to type 'string | undefined'.
  Type 'null' is not assignable to type 'string | undefined'.
src/lib/integrations/calendar-sync-service.ts(241,7): error TS2322: Type 'string | null | undefined' is not assignable to type 'string | undefined'.
  Type 'null' is not assignable to type 'string | undefined'.
src/lib/integrations/calendar-sync-service.ts(244,7): error TS2322: Type 'string | null | undefined' is not assignable to type 'string | undefined'.
  Type 'null' is not assignable to type 'string | undefined'.
