src/lib/agent/parsers/pdf-parser.ts(14,23): error TS2339: Property 'default' does not exist on type 'typeof import("/root/worktree-1/node_modules/pdf-parse/dist/pdf-parse/esm/index")'.
src/lib/ai/learning/continuous-learning-engine.ts(158,7): error TS2322: Type 'DocumentData[]' is not assignable to type 'TrainingExample[]'.
src/lib/ai/learning/continuous-learning-engine.ts(164,7): error TS2322: Type 'DocumentData[]' is not assignable to type 'TrainingExample[]'.
src/lib/db/admin-firestore-service.ts(22,22): error TS18047: 'adminDb' is possibly 'null'.
src/lib/db/admin-firestore-service.ts(47,44): error TS18047: 'adminDb' is possibly 'null'.
src/lib/db/admin-firestore-service.ts(119,44): error TS18047: 'adminDb' is possibly 'null'.
src/lib/db/admin-firestore-service.ts(205,22): error TS18047: 'adminDb' is possibly 'null'.
src/lib/db/admin-firestore-service.ts(223,28): error TS18047: 'adminDb' is possibly 'null'.
src/lib/db/admin-firestore-service.ts(240,22): error TS18047: 'adminDb' is possibly 'null'.
src/lib/db/admin-firestore-service.ts(253,22): error TS18047: 'adminDb' is possibly 'null'.
src/lib/db/admin-firestore-service.ts(265,12): error TS18047: 'adminDb' is possibly 'null'.
src/lib/db/admin-firestore-service.ts(274,12): error TS18047: 'adminDb' is possibly 'null'.
src/lib/db/admin-firestore-service.ts(281,12): error TS18047: 'adminDb' is possibly 'null'.
src/lib/db/admin-firestore-service.ts(288,12): error TS18047: 'adminDb' is possibly 'null'.
src/lib/documents/proposal-generator.ts(115,68): error TS2345: Argument of type 'unknown' is not assignable to parameter of type 'LogContext | undefined'.
src/lib/ecommerce/shipping-service.ts(83,26): error TS7006: Parameter 'method' implicitly has an 'any' type.
src/lib/email-writer/email-delivery-service.ts(350,25): error TS18047: 'adminDb' is possibly 'null'.
src/lib/email-writer/email-delivery-service.ts(371,25): error TS18047: 'adminDb' is possibly 'null'.
src/lib/email-writer/email-delivery-service.ts(408,25): error TS18047: 'adminDb' is possibly 'null'.
src/lib/email-writer/email-delivery-service.ts(429,25): error TS18047: 'adminDb' is possibly 'null'.
src/lib/email-writer/email-delivery-service.ts(450,25): error TS18047: 'adminDb' is possibly 'null'.
src/lib/email-writer/email-delivery-service.ts(470,25): error TS18047: 'adminDb' is possibly 'null'.
src/lib/email-writer/email-delivery-service.ts(500,15): error TS18047: 'adminDb' is possibly 'null'.
src/lib/email-writer/email-writer-engine.ts(202,7): error TS2322: Type 'SalesIndustryTemplate | null' is not assignable to type 'SalesIndustryTemplate | undefined'.
src/lib/filters/filter-engine.ts(101,60): error TS2769: No overload matches this call.
src/lib/filters/filter-engine.ts(104,46): error TS2769: No overload matches this call.
src/lib/filters/filter-engine.ts(107,46): error TS2769: No overload matches this call.
src/lib/filters/filter-engine.ts(110,47): error TS2769: No overload matches this call.
src/lib/filters/filter-engine.ts(113,47): error TS2769: No overload matches this call.
src/lib/integrations/accounting/quickbooks.ts(38,41): error TS2345: Argument of type '{}' is not assignable to parameter of type 'string'.
src/lib/integrations/accounting/quickbooks.ts(50,42): error TS2345: Argument of type '{}' is not assignable to parameter of type 'string'.
src/lib/integrations/accounting/quickbooks.ts(59,41): error TS2345: Argument of type '{}' is not assignable to parameter of type 'string'.
src/lib/integrations/accounting/quickbooks.ts(63,40): error TS2345: Argument of type '{}' is not assignable to parameter of type 'string'.
src/lib/integrations/accounting/xero.ts(38,41): error TS2345: Argument of type '{}' is not assignable to parameter of type 'string'.
src/lib/integrations/accounting/xero.ts(50,41): error TS2345: Argument of type '{}' is not assignable to parameter of type 'string'.
src/lib/integrations/accounting/xero.ts(58,40): error TS2345: Argument of type '{}' is not assignable to parameter of type 'string'.
src/lib/integrations/accounting/xero.ts(62,40): error TS2345: Argument of type '{}' is not assignable to parameter of type 'string'.
src/lib/integrations/calendar-sync-service.ts(177,13): error TS7022: 'response' implicitly has type 'any' because it does not have a type annotation and is referenced directly or indirectly in its own initializer.
src/lib/integrations/calendar-sync-service.ts(236,5): error TS2322: Type 'string | null | undefined' is not assignable to type 'string | undefined'.
src/lib/integrations/calendar-sync-service.ts(237,5): error TS2322: Type 'string | null | undefined' is not assignable to type 'string | undefined'.
src/lib/integrations/calendar-sync-service.ts(239,7): error TS2322: Type 'string | null | undefined' is not assignable to type 'string | undefined'.
src/lib/integrations/calendar-sync-service.ts(240,7): error TS2322: Type 'string | null | undefined' is not assignable to type 'string | undefined'.
src/lib/integrations/calendar-sync-service.ts(241,7): error TS2322: Type 'string | null | undefined' is not assignable to type 'string | undefined'.
src/lib/integrations/calendar-sync-service.ts(244,7): error TS2322: Type 'string | null | undefined' is not assignable to type 'string | undefined'.
src/lib/integrations/calendar-sync-service.ts(245,7): error TS2322: Type 'string | null | undefined' is not assignable to type 'string | undefined'.
src/lib/integrations/calendar-sync-service.ts(246,7): error TS2322: Type 'string | null | undefined' is not assignable to type 'string | undefined'.
src/lib/integrations/calendar-sync-service.ts(248,5): error TS2322: Type '{ email: string; displayName: string | null | undefined; responseStatus: any; }[] | undefined' is not assignable to type '{ email: string; displayName?: string | undefined; responseStatus: "accepted" | "declined" | "tentative" | "needsAction"; }[] | undefined'.
src/lib/integrations/calendar-sync-service.ts(257,5): error TS2322: Type 'string | null | undefined' is not assignable to type 'string | undefined'.
src/lib/integrations/calendar-sync-service.ts(260,5): error TS2322: Type 'string | null | undefined' is not assignable to type 'string | undefined'.
src/lib/integrations/crm/salesforce.ts(16,11): error TS2339: Property 'instanceUrl' does not exist on type 'Record<string, unknown> | undefined'.
src/lib/integrations/crm/salesforce.ts(16,24): error TS2339: Property 'accessToken' does not exist on type 'Record<string, unknown> | undefined'.
src/lib/integrations/ecommerce/shopify.ts(16,11): error TS2339: Property 'shopDomain' does not exist on type 'Record<string, unknown> | undefined'.
src/lib/integrations/ecommerce/shopify.ts(16,23): error TS2339: Property 'accessToken' does not exist on type 'Record<string, unknown> | undefined'.
src/lib/integrations/email-sync.ts(239,9): error TS2739: Type 'Date' is missing the following properties from type 'Timestamp': seconds, nanoseconds, toDate, toMillis, isEqual
src/lib/integrations/google-calendar-service.ts(110,5): error TS2322: Type 'string | null | undefined' is not assignable to type 'string | undefined'.
src/lib/integrations/google-calendar-service.ts(111,5): error TS2322: Type 'number | null | undefined' is not assignable to type 'number | undefined'.
src/lib/integrations/google-calendar-service.ts(201,5): error TS2322: Type 'string | null | undefined' is not assignable to type 'string | undefined'.
src/lib/meetings/scheduler-engine.ts(124,77): error TS2345: Argument of type 'unknown' is not assignable to parameter of type 'LogContext | undefined'.
src/lib/meetings/scheduler-engine.ts(240,68): error TS2345: Argument of type 'unknown' is not assignable to parameter of type 'LogContext | undefined'.
src/lib/meetings/scheduler-engine.ts(280,49): error TS2345: Argument of type 'unknown' is not assignable to parameter of type 'LogContext | undefined'.
src/lib/middleware/with-rate-limit.ts(25,9): error TS2322: Type 'string | null' is not assignable to type 'string | undefined'.
src/lib/monitoring/sentry-middleware.ts(135,11): error TS2783: 'url' is specified more than once, so this usage will be overwritten.
src/lib/notifications/notification-service.ts(517,27): error TS7053: Element implicitly has an 'any' type because expression of type 'NotificationChannel' can't be used to index type '{ slack?: { enabled: boolean; channelId?: string | undefined; threadMessages?: boolean | undefined; quietHours?: { enabled: boolean; start: string; end: string; timezone: string; } | undefined; } | undefined; email?: { ...; } | undefined; webhook?: { ...; } | undefined; inApp?: { ...; } | undefined; }'.
src/lib/outbound/meeting-scheduler.ts(471,39): error TS2769: No overload matches this call.
src/lib/outbound/meeting-scheduler.ts(626,42): error TS2769: No overload matches this call.
src/lib/outbound/sequence-engine.ts(378,7): error TS2345: Argument of type 'string | undefined' is not assignable to parameter of type 'string'.
src/lib/outbound/sequence-engine.ts(411,7): error TS2322: Type 'string | undefined' is not assignable to type 'string'.
src/lib/outbound/sequence-engine.ts(747,17): error TS2769: No overload matches this call.
src/lib/outbound/sequence-engine.ts(748,21): error TS18048: 'updates' is possibly 'undefined'.
src/lib/outbound/sequence-engine.ts(755,5): error TS18048: 'sequence.analytics' is possibly 'undefined'.
src/lib/outbound/sequence-engine.ts(755,39): error TS18048: 'sequence.analytics' is possibly 'undefined'.
src/lib/outbound/sequence-engine.ts(756,10): error TS18048: 'sequence.analytics' is possibly 'undefined'.
src/lib/outbound/sequence-engine.ts(756,46): error TS18048: 'sequence.analytics' is possibly 'undefined'.
src/lib/outbound/sequence-engine.ts(759,5): error TS18048: 'sequence.analytics' is possibly 'undefined'.
src/lib/outbound/sequence-engine.ts(759,35): error TS18048: 'sequence.analytics' is possibly 'undefined'.
src/lib/outbound/sequence-engine.ts(760,10): error TS18048: 'sequence.analytics' is possibly 'undefined'.
src/lib/outbound/sequence-engine.ts(760,43): error TS18048: 'sequence.analytics' is possibly 'undefined'.
src/lib/outbound/sequence-engine.ts(763,5): error TS18048: 'sequence.analytics' is possibly 'undefined'.
src/lib/outbound/sequence-engine.ts(763,36): error TS18048: 'sequence.analytics' is possibly 'undefined'.
src/lib/outbound/sequence-engine.ts(764,10): error TS18048: 'sequence.analytics' is possibly 'undefined'.
src/lib/outbound/sequence-engine.ts(764,44): error TS18048: 'sequence.analytics' is possibly 'undefined'.
src/lib/outbound/sequence-engine.ts(767,5): error TS18048: 'sequence.analytics' is possibly 'undefined'.
src/lib/outbound/sequence-engine.ts(767,36): error TS18048: 'sequence.analytics' is possibly 'undefined'.
src/lib/outbound/sequence-engine.ts(768,10): error TS18048: 'sequence.analytics' is possibly 'undefined'.
src/lib/outbound/sequence-engine.ts(768,44): error TS18048: 'sequence.analytics' is possibly 'undefined'.
src/lib/outbound/sequence-engine.ts(771,5): error TS18048: 'sequence.analytics' is possibly 'undefined'.
src/lib/outbound/sequence-engine.ts(771,41): error TS18048: 'sequence.analytics' is possibly 'undefined'.
src/lib/outbound/sequence-engine.ts(772,10): error TS18048: 'sequence.analytics' is possibly 'undefined'.
src/lib/outbound/sequence-engine.ts(772,46): error TS18048: 'sequence.analytics' is possibly 'undefined'.
src/lib/outbound/sequence-engine.ts(775,5): error TS18048: 'sequence.analytics' is possibly 'undefined'.
src/lib/services/discovery-engine.ts(1100,11): error TS18048: 'personData.socialProfiles' is possibly 'undefined'.
src/lib/services/discovery-engine.ts(1112,10): error TS18048: 'personData.socialProfiles' is possibly 'undefined'.
src/lib/services/discovery-engine.ts(1134,11): error TS18048: 'personData.socialProfiles' is possibly 'undefined'.
src/lib/services/discovery-engine.ts(1156,9): error TS18048: 'personData.socialProfiles' is possibly 'undefined'.
src/lib/services/smart-sequencer.ts(533,12): error TS18048: 'sequences' is possibly 'undefined'.
src/lib/subscription/feature-gate.ts(124,16): error TS18048: 'subscription.outboundFeatures' is possibly 'undefined'.
src/lib/subscription/feature-gate.ts(127,18): error TS18048: 'subscription.outboundFeatures' is possibly 'undefined'.
src/lib/subscription/feature-gate.ts(128,19): error TS18048: 'subscription.outboundFeatures' is possibly 'undefined'.
src/lib/subscription/feature-gate.ts(132,16): error TS18048: 'subscription.outboundFeatures' is possibly 'undefined'.
src/lib/subscription/feature-gate.ts(135,18): error TS18048: 'subscription.outboundFeatures' is possibly 'undefined'.
src/lib/subscription/feature-gate.ts(136,19): error TS18048: 'subscription.outboundFeatures' is possibly 'undefined'.
src/lib/subscription/feature-gate.ts(140,16): error TS18048: 'subscription.outboundFeatures' is possibly 'undefined'.
src/lib/subscription/feature-gate.ts(143,18): error TS18048: 'subscription.outboundFeatures' is possibly 'undefined'.
src/lib/subscription/feature-gate.ts(144,19): error TS18048: 'subscription.outboundFeatures' is possibly 'undefined'.
src/lib/subscription/feature-gate.ts(148,16): error TS18048: 'subscription.outboundFeatures' is possibly 'undefined'.
src/lib/subscription/feature-gate.ts(151,18): error TS18048: 'subscription.outboundFeatures' is possibly 'undefined'.
src/lib/subscription/feature-gate.ts(152,19): error TS18048: 'subscription.outboundFeatures' is possibly 'undefined'.
src/lib/subscription/feature-gate.ts(156,16): error TS18048: 'subscription.outboundFeatures' is possibly 'undefined'.
src/lib/subscription/feature-gate.ts(159,18): error TS18048: 'subscription.outboundFeatures' is possibly 'undefined'.
src/lib/subscription/feature-gate.ts(160,19): error TS18048: 'subscription.outboundFeatures' is possibly 'undefined'.
src/lib/subscription/feature-gate.ts(188,11): error TS18048: 'subscription.outboundFeatures' is possibly 'undefined'.
src/lib/subscription/feature-gate.ts(193,11): error TS18048: 'subscription.outboundFeatures' is possibly 'undefined'.
src/lib/subscription/feature-gate.ts(198,11): error TS18048: 'subscription.outboundFeatures' is possibly 'undefined'.
src/lib/subscription/feature-gate.ts(203,11): error TS18048: 'subscription.outboundFeatures' is possibly 'undefined'.
src/lib/subscription/feature-gate.ts(208,11): error TS18048: 'subscription.outboundFeatures' is possibly 'undefined'.
src/lib/subscription/feature-gate.ts(232,7): error TS18048: 'subscription.outboundFeatures' is possibly 'undefined'.
src/lib/subscription/feature-gate.ts(233,7): error TS18048: 'subscription.outboundFeatures' is possibly 'undefined'.
src/lib/subscription/feature-gate.ts(236,7): error TS18048: 'subscription.outboundFeatures' is possibly 'undefined'.
src/lib/subscription/feature-gate.ts(237,7): error TS18048: 'subscription.outboundFeatures' is possibly 'undefined'.
src/lib/subscription/feature-gate.ts(240,7): error TS18048: 'subscription.outboundFeatures' is possibly 'undefined'.
src/lib/subscription/feature-gate.ts(241,7): error TS18048: 'subscription.outboundFeatures' is possibly 'undefined'.
src/lib/subscription/feature-gate.ts(242,7): error TS18048: 'subscription.outboundFeatures' is possibly 'undefined'.
src/lib/subscription/feature-gate.ts(245,7): error TS18048: 'subscription.outboundFeatures' is possibly 'undefined'.
src/lib/subscription/feature-gate.ts(475,38): error TS2538: Type 'undefined' cannot be used as an index type.
src/lib/subscription/feature-gate.ts(488,8): error TS18048: 'subscription.outboundFeatures' is possibly 'undefined'.
src/lib/subscription/feature-gate.ts(517,11): error TS18048: 'subscription.addOns' is possibly 'undefined'.
src/lib/subscription/feature-gate.ts(522,7): error TS18048: 'subscription.addOns' is possibly 'undefined'.
src/lib/subscription/feature-gate.ts(530,42): error TS18048: 'subscription.addOns' is possibly 'undefined'.
src/lib/subscription/middleware.ts(77,59): error TS2345: Argument of type 'string | undefined' is not assignable to parameter of type 'string'.
src/lib/subscription/middleware.ts(140,7): error TS2322: Type '"aiEmailWriter"' is not assignable to type 'never'.
src/lib/subscription/middleware.ts(142,7): error TS2322: Type '"prospectFinder"' is not assignable to type 'never'.
src/lib/subscription/middleware.ts(146,7): error TS2322: Type '"multiChannel"' is not assignable to type 'never'.
src/lib/subscription/middleware.ts(148,7): error TS2322: Type '"aiEmailWriter"' is not assignable to type 'never'.
src/lib/team/collaboration.ts(165,53): error TS2345: Argument of type 'unknown' is not assignable to parameter of type 'LogContext | undefined'.
src/lib/team/collaboration.ts(237,53): error TS2345: Argument of type 'unknown' is not assignable to parameter of type 'LogContext | undefined'.
src/lib/team/collaboration.ts(361,82): error TS2769: No overload matches this call.
src/lib/templates/deal-scoring-engine.ts(319,56): error TS2345: Argument of type 'unknown' is not assignable to parameter of type 'LogContext | undefined'.
src/lib/templates/revenue-forecasting-engine.ts(243,61): error TS2345: Argument of type 'unknown' is not assignable to parameter of type 'LogContext | undefined'.
src/lib/templates/template-engine.ts(206,61): error TS2345: Argument of type 'unknown' is not assignable to parameter of type 'LogContext | undefined'.
src/lib/training/golden-master-updater.ts(309,5): error TS2322: Type 'unknown' is not assignable to type 'string'.
src/lib/workflow/workflow-coordinator.ts(589,9): error TS7053: Element implicitly has an 'any' type because expression of type '"lastSuccessAt"' can't be used to index type '{ totalExecutions: number; successfulExecutions: number; failedExecutions: number; lastExecutedAt: Timestamp; }'.
src/lib/workflow/workflow-coordinator.ts(591,9): error TS7053: Element implicitly has an 'any' type because expression of type '"lastFailureAt"' can't be used to index type '{ totalExecutions: number; successfulExecutions: number; failedExecutions: number; lastExecutedAt: Timestamp; }'.
src/lib/workflow/workflow-coordinator.ts(597,7): error TS7053: Element implicitly has an 'any' type because expression of type '"averageExecutionTimeMs"' can't be used to index type '{ totalExecutions: number; successfulExecutions: number; failedExecutions: number; lastExecutedAt: Timestamp; }'.
src/lib/workflow/workflow-coordinator.ts(650,24): error TS2783: 'id' is specified more than once, so this usage will be overwritten.
src/lib/workflow/workflow-service.ts(128,14): error TS2783: 'id' is specified more than once, so this usage will be overwritten.
src/lib/workflow/workflow-service.ts(303,14): error TS2783: 'id' is specified more than once, so this usage will be overwritten.
